14:40:55.468 [TestNG-tests-1] DEBUG testCases.TC_001_AccountRegistrationTest - Application logs started.......
14:40:55.759 [TestNG-tests-1] INFO  testCases.TC_001_AccountRegistrationTest - Clicked on MyAccount link
14:40:57.315 [TestNG-tests-2] INFO  testCases.TC_001_AccountRegistrationTest - ***Starting TC_001_AccountRegistrationTest***
14:40:57.317 [TestNG-tests-2] DEBUG testCases.TC_001_AccountRegistrationTest - Application logs started.......
14:40:57.334 [TestNG-tests-1] INFO  testCases.TC_001_AccountRegistrationTest - Clicked on Registeration link
14:40:57.338 [TestNG-tests-1] INFO  testCases.TC_001_AccountRegistrationTest - Entering Customer details
14:40:57.770 [TestNG-tests-2] INFO  testCases.TC_001_AccountRegistrationTest - Clicked on MyAccount link
14:40:59.158 [TestNG-tests-2] INFO  testCases.TC_001_AccountRegistrationTest - Clicked on Registeration link
14:40:59.158 [TestNG-tests-2] INFO  testCases.TC_001_AccountRegistrationTest - Entering Customer details
14:40:59.961 [TestNG-tests-1] INFO  testCases.TC_001_AccountRegistrationTest - Clicked on Continue
14:41:00.103 [TestNG-tests-1] INFO  testCases.TC_001_AccountRegistrationTest - Validating expected message.....
14:41:00.107 [TestNG-tests-1] INFO  testCases.TC_001_AccountRegistrationTest - Test Passed
14:41:00.114 [TestNG-tests-1] DEBUG testCases.TC_001_AccountRegistrationTest - Application logs ended.......
14:41:00.115 [TestNG-tests-1] INFO  testCases.TC_001_AccountRegistrationTest - ***Finished TC_001_AccountRegistrationTest***
14:41:01.675 [TestNG-tests-2] INFO  testCases.TC_001_AccountRegistrationTest - Clicked on Continue
14:41:01.723 [TestNG-tests-2] INFO  testCases.TC_001_AccountRegistrationTest - Validating expected message.....
14:41:01.724 [TestNG-tests-2] INFO  testCases.TC_001_AccountRegistrationTest - Test Passed
14:41:01.724 [TestNG-tests-2] DEBUG testCases.TC_001_AccountRegistrationTest - Application logs ended.......
14:41:01.724 [TestNG-tests-2] INFO  testCases.TC_001_AccountRegistrationTest - ***Finished TC_001_AccountRegistrationTest***
19:34:33.927 [main] INFO  testCases.TC_001_AccountRegistrationTest - ***Starting TC_001_AccountRegistrationTest***
19:34:33.991 [main] DEBUG testCases.TC_001_AccountRegistrationTest - Application logs started.......
19:34:34.605 [main] INFO  testCases.TC_001_AccountRegistrationTest - Clicked on MyAccount link
19:34:35.152 [main] INFO  testCases.TC_001_AccountRegistrationTest - Clicked on Registeration link
19:34:35.153 [main] INFO  testCases.TC_001_AccountRegistrationTest - Entering Customer details
19:34:36.972 [main] INFO  testCases.TC_001_AccountRegistrationTest - Clicked on Continue
19:34:37.031 [main] INFO  testCases.TC_001_AccountRegistrationTest - Validating expected message.....
19:34:37.032 [main] INFO  testCases.TC_001_AccountRegistrationTest - Test Passed
19:34:37.036 [main] DEBUG testCases.TC_001_AccountRegistrationTest - Application logs ended.......
19:34:37.036 [main] INFO  testCases.TC_001_AccountRegistrationTest - ***Finished TC_001_AccountRegistrationTest***
17:41:41.254 [main] INFO  testCases.TC_002_LoginTest - *****Starting the TC_002_LoginTest*****
17:41:41.307 [main] DEBUG testCases.TC_002_LoginTest - Capturing application debug logs.....
17:41:41.608 [main] INFO  testCases.TC_002_LoginTest - Clicked on MyAccount link on the homepage
17:41:41.870 [main] INFO  testCases.TC_002_LoginTest - Clicked on Login link under myaccount
17:41:41.873 [main] INFO  testCases.TC_002_LoginTest - Entering valid email and password...
17:41:42.588 [main] INFO  testCases.TC_002_LoginTest - Clicked on Login button...
17:41:42.637 [main] INFO  testCases.TC_002_LoginTest - Login test passed...
17:41:42.641 [main] INFO  testCases.TC_002_LoginTest - *****Finished the TC_002_LoginTest*****
17:42:24.951 [main] INFO  testCases.TC_001_AccountRegistrationTest - ***Starting TC_001_AccountRegistrationTest***
17:42:24.988 [main] DEBUG testCases.TC_001_AccountRegistrationTest - Application logs started.......
17:42:25.251 [main] INFO  testCases.TC_001_AccountRegistrationTest - Clicked on MyAccount link
17:42:25.637 [main] INFO  testCases.TC_001_AccountRegistrationTest - Clicked on Registeration link
17:42:25.637 [main] INFO  testCases.TC_001_AccountRegistrationTest - Entering Customer details
17:42:26.736 [main] INFO  testCases.TC_001_AccountRegistrationTest - Clicked on Continue
17:42:26.776 [main] INFO  testCases.TC_001_AccountRegistrationTest - Validating expected message.....
17:42:26.776 [main] INFO  testCases.TC_001_AccountRegistrationTest - Test Passed
17:42:26.781 [main] DEBUG testCases.TC_001_AccountRegistrationTest - Application logs ended.......
17:42:26.782 [main] INFO  testCases.TC_001_AccountRegistrationTest - ***Finished TC_001_AccountRegistrationTest***
17:43:11.764 [main] INFO  testCases.TC_001_AccountRegistrationTest - ***Starting TC_001_AccountRegistrationTest***
17:43:11.822 [main] DEBUG testCases.TC_001_AccountRegistrationTest - Application logs started.......
