16:41:46.216 [main] INFO  testCases.TC_002_LoginTest - Clicked on Login button...
16:41:46.277 [main] INFO  testCases.TC_002_LoginTest - Login test passed...
16:41:46.278 [main] INFO  testCases.TC_002_LoginTest - *****Finished the TC_002_LoginTest*****
19:41:13.533 [main] INFO  testCases.TC_001_AccountRegistrationTest - ***Starting TC_001_AccountRegistrationTest***
19:41:13.559 [main] DEBUG testCases.TC_001_AccountRegistrationTest - Application logs started.......
19:41:13.981 [main] INFO  testCases.TC_001_AccountRegistrationTest - Clicked on MyAccount link
19:41:14.465 [main] INFO  testCases.TC_001_AccountRegistrationTest - Clicked on Registeration link
19:41:14.466 [main] INFO  testCases.TC_001_AccountRegistrationTest - Entering Customer details
19:41:15.822 [main] INFO  testCases.TC_001_AccountRegistrationTest - Clicked on Continue
19:41:15.901 [main] INFO  testCases.TC_001_AccountRegistrationTest - Validating expected message.....
19:41:15.901 [main] INFO  testCases.TC_001_AccountRegistrationTest - Test Passed
19:41:15.909 [main] DEBUG testCases.TC_001_AccountRegistrationTest - Application logs ended.......
19:41:15.909 [main] INFO  testCases.TC_001_AccountRegistrationTest - ***Finished TC_001_AccountRegistrationTest***
19:41:18.736 [main] INFO  testCases.TC_002_LoginTest - *****Starting the TC_002_LoginTest*****
19:41:18.738 [main] DEBUG testCases.TC_002_LoginTest - Capturing application debug logs.....
19:41:19.233 [main] INFO  testCases.TC_002_LoginTest - Clicked on MyAccount link on the homepage
19:41:19.532 [main] INFO  testCases.TC_002_LoginTest - Clicked on Login link under myaccount
19:41:19.534 [main] INFO  testCases.TC_002_LoginTest - Entering valid email and password...
19:41:20.274 [main] INFO  testCases.TC_002_LoginTest - Clicked on Login button...
19:41:20.355 [main] INFO  testCases.TC_002_LoginTest - Login test passed...
19:41:20.355 [main] INFO  testCases.TC_002_LoginTest - *****Finished the TC_002_LoginTest*****
20:07:20.416 [main] INFO  testCases.TC_001_AccountRegistrationTest - ***Starting TC_001_AccountRegistrationTest***
20:07:20.436 [main] DEBUG testCases.TC_001_AccountRegistrationTest - Application logs started.......
20:07:20.613 [main] INFO  testCases.TC_001_AccountRegistrationTest - Clicked on MyAccount link
20:07:21.400 [main] INFO  testCases.TC_001_AccountRegistrationTest - Clicked on Registeration link
20:07:21.403 [main] INFO  testCases.TC_001_AccountRegistrationTest - Entering Customer details
20:07:22.489 [main] INFO  testCases.TC_001_AccountRegistrationTest - Clicked on Continue
20:07:22.553 [main] INFO  testCases.TC_001_AccountRegistrationTest - Validating expected message.....
20:07:22.553 [main] INFO  testCases.TC_001_AccountRegistrationTest - Test Passed
20:07:22.555 [main] DEBUG testCases.TC_001_AccountRegistrationTest - Application logs ended.......
20:07:22.555 [main] INFO  testCases.TC_001_AccountRegistrationTest - ***Finished TC_001_AccountRegistrationTest***
20:07:26.624 [main] INFO  testCases.TC_002_LoginTest - *****Starting the TC_002_LoginTest*****
20:07:26.624 [main] DEBUG testCases.TC_002_LoginTest - Capturing application debug logs.....
20:07:26.771 [main] INFO  testCases.TC_002_LoginTest - Clicked on MyAccount link on the homepage
20:07:27.020 [main] INFO  testCases.TC_002_LoginTest - Clicked on Login link under myaccount
20:07:27.022 [main] INFO  testCases.TC_002_LoginTest - Entering valid email and password...
20:07:27.736 [main] INFO  testCases.TC_002_LoginTest - Clicked on Login button...
20:07:27.801 [main] INFO  testCases.TC_002_LoginTest - Login test passed...
20:07:27.802 [main] INFO  testCases.TC_002_LoginTest - *****Finished the TC_002_LoginTest*****
20:08:09.803 [main] INFO  testCases.TC_001_AccountRegistrationTest - ***Starting TC_001_AccountRegistrationTest***
20:08:09.810 [main] DEBUG testCases.TC_001_AccountRegistrationTest - Application logs started.......
20:08:10.001 [main] INFO  testCases.TC_001_AccountRegistrationTest - Clicked on MyAccount link
20:08:10.408 [main] INFO  testCases.TC_001_AccountRegistrationTest - Clicked on Registeration link
20:08:10.409 [main] INFO  testCases.TC_001_AccountRegistrationTest - Entering Customer details
20:08:11.944 [main] INFO  testCases.TC_001_AccountRegistrationTest - Clicked on Continue
20:08:11.998 [main] INFO  testCases.TC_001_AccountRegistrationTest - Validating expected message.....
20:08:12.000 [main] INFO  testCases.TC_001_AccountRegistrationTest - Test Passed
20:08:12.002 [main] DEBUG testCases.TC_001_AccountRegistrationTest - Application logs ended.......
20:08:12.002 [main] INFO  testCases.TC_001_AccountRegistrationTest - ***Finished TC_001_AccountRegistrationTest***
20:08:14.657 [main] INFO  testCases.TC_002_LoginTest - *****Starting the TC_002_LoginTest*****
20:08:14.657 [main] DEBUG testCases.TC_002_LoginTest - Capturing application debug logs.....
20:08:14.947 [main] INFO  testCases.TC_002_LoginTest - Clicked on MyAccount link on the homepage
