16:31:26.821 [main] INFO  testCases.TC_002_LoginTest - Login test passed...
16:31:26.834 [main] INFO  testCases.TC_002_LoginTest - *****Finished the TC_002_LoginTest*****
16:49:09.911 [main] INFO  testCases.TC_001_AccountRegistrationTest - ***Starting TC_001_AccountRegistrationTest***
16:49:09.926 [main] DEBUG testCases.TC_001_AccountRegistrationTest - Application logs started.......
16:49:10.343 [main] INFO  testCases.TC_001_AccountRegistrationTest - Clicked on MyAccount link
16:49:10.714 [main] INFO  testCases.TC_001_AccountRegistrationTest - Clicked on Registeration link
16:49:10.715 [main] INFO  testCases.TC_001_AccountRegistrationTest - Entering Customer details
16:49:11.881 [main] INFO  testCases.TC_001_AccountRegistrationTest - Clicked on Continue
16:49:11.934 [main] INFO  testCases.TC_001_AccountRegistrationTest - Validating expected message.....
16:49:11.935 [main] ERROR testCases.TC_001_AccountRegistrationTest - Test Failed
16:49:58.296 [main] INFO  testCases.TC_001_AccountRegistrationTest - ***Starting TC_001_AccountRegistrationTest***
16:49:58.309 [main] DEBUG testCases.TC_001_AccountRegistrationTest - Application logs started.......
16:49:58.751 [main] INFO  testCases.TC_001_AccountRegistrationTest - Clicked on MyAccount link
16:49:59.196 [main] INFO  testCases.TC_001_AccountRegistrationTest - Clicked on Registeration link
16:49:59.196 [main] INFO  testCases.TC_001_AccountRegistrationTest - Entering Customer details
16:50:00.368 [main] INFO  testCases.TC_001_AccountRegistrationTest - Clicked on Continue
16:50:00.399 [main] INFO  testCases.TC_001_AccountRegistrationTest - Validating expected message.....
16:50:00.399 [main] ERROR testCases.TC_001_AccountRegistrationTest - Test Failed
19:46:33.125 [main] INFO  testCases.TC_001_AccountRegistrationTest - ***Starting TC_001_AccountRegistrationTest***
19:46:33.129 [main] DEBUG testCases.TC_001_AccountRegistrationTest - Application logs started.......
19:46:33.256 [main] INFO  testCases.TC_001_AccountRegistrationTest - Clicked on MyAccount link
19:46:33.793 [main] INFO  testCases.TC_001_AccountRegistrationTest - Clicked on Registeration link
19:46:33.794 [main] INFO  testCases.TC_001_AccountRegistrationTest - Entering Customer details
19:46:35.163 [main] INFO  testCases.TC_001_AccountRegistrationTest - Clicked on Continue
19:46:35.250 [main] INFO  testCases.TC_001_AccountRegistrationTest - Validating expected message.....
19:46:35.251 [main] ERROR testCases.TC_001_AccountRegistrationTest - Test Failed
19:54:06.327 [main] INFO  testCases.TC_001_AccountRegistrationTest - ***Starting TC_001_AccountRegistrationTest***
19:54:06.332 [main] DEBUG testCases.TC_001_AccountRegistrationTest - Application logs started.......
19:54:06.432 [main] INFO  testCases.TC_001_AccountRegistrationTest - Clicked on MyAccount link
19:54:06.979 [main] INFO  testCases.TC_001_AccountRegistrationTest - Clicked on Registeration link
19:54:06.979 [main] INFO  testCases.TC_001_AccountRegistrationTest - Entering Customer details
19:54:08.232 [main] INFO  testCases.TC_001_AccountRegistrationTest - Clicked on Continue
19:54:08.279 [main] INFO  testCases.TC_001_AccountRegistrationTest - Validating expected message.....
19:54:08.279 [main] ERROR testCases.TC_001_AccountRegistrationTest - Test Failed
19:55:48.452 [main] INFO  testCases.TC_001_AccountRegistrationTest - ***Starting TC_001_AccountRegistrationTest***
19:55:48.473 [main] DEBUG testCases.TC_001_AccountRegistrationTest - Application logs started.......
19:55:48.818 [main] INFO  testCases.TC_001_AccountRegistrationTest - Clicked on MyAccount link
19:55:49.205 [main] INFO  testCases.TC_001_AccountRegistrationTest - Clicked on Registeration link
19:55:49.206 [main] INFO  testCases.TC_001_AccountRegistrationTest - Entering Customer details
19:55:50.492 [main] INFO  testCases.TC_001_AccountRegistrationTest - Clicked on Continue
19:55:50.549 [main] INFO  testCases.TC_001_AccountRegistrationTest - Validating expected message.....
19:55:50.549 [main] ERROR testCases.TC_001_AccountRegistrationTest - Test Failed
19:58:24.146 [main] INFO  testCases.TC_001_AccountRegistrationTest - ***Starting TC_001_AccountRegistrationTest***
19:58:24.151 [main] DEBUG testCases.TC_001_AccountRegistrationTest - Application logs started.......
19:58:24.597 [main] INFO  testCases.TC_001_AccountRegistrationTest - Clicked on MyAccount link
19:58:24.999 [main] INFO  testCases.TC_001_AccountRegistrationTest - Clicked on Registeration link
19:58:25.000 [main] INFO  testCases.TC_001_AccountRegistrationTest - Entering Customer details
19:58:26.414 [main] INFO  testCases.TC_001_AccountRegistrationTest - Clicked on Continue
19:58:26.476 [main] INFO  testCases.TC_001_AccountRegistrationTest - Validating expected message.....
19:58:26.476 [main] ERROR testCases.TC_001_AccountRegistrationTest - Test Failed
19:58:29.453 [main] INFO  testCases.TC_002_LoginTest - *****Starting the TC_002_LoginTest*****
19:58:29.453 [main] DEBUG testCases.TC_002_LoginTest - Capturing application debug logs.....
