20:08:15.214 [main] INFO  testCases.TC_002_LoginTest - Clicked on Login link under myaccount
20:08:15.234 [main] INFO  testCases.TC_002_LoginTest - Entering valid email and password...
20:08:15.954 [main] INFO  testCases.TC_002_LoginTest - Clicked on Login button...
20:08:16.014 [main] INFO  testCases.TC_002_LoginTest - Login test passed...
20:08:16.015 [main] INFO  testCases.TC_002_LoginTest - *****Finished the TC_002_LoginTest*****
16:04:53.757 [main] INFO  testCases.TC_001_AccountRegistrationTest - ***Starting TC_001_AccountRegistrationTest***
16:04:53.859 [main] DEBUG testCases.TC_001_AccountRegistrationTest - Application logs started.......
16:04:54.309 [main] INFO  testCases.TC_001_AccountRegistrationTest - Clicked on MyAccount link
16:04:55.372 [main] INFO  testCases.TC_001_AccountRegistrationTest - Clicked on Registeration link
16:04:55.372 [main] INFO  testCases.TC_001_AccountRegistrationTest - Entering Customer details
16:04:56.913 [main] INFO  testCases.TC_001_AccountRegistrationTest - Clicked on Continue
16:04:57.006 [main] INFO  testCases.TC_001_AccountRegistrationTest - Validating expected message.....
16:04:57.006 [main] INFO  testCases.TC_001_AccountRegistrationTest - Test Passed
16:04:57.011 [main] DEBUG testCases.TC_001_AccountRegistrationTest - Application logs ended.......
16:04:57.012 [main] INFO  testCases.TC_001_AccountRegistrationTest - ***Finished TC_001_AccountRegistrationTest***
16:05:00.765 [main] INFO  testCases.TC_002_LoginTest - *****Starting the TC_002_LoginTest*****
16:05:00.767 [main] DEBUG testCases.TC_002_LoginTest - Capturing application debug logs.....
16:05:01.193 [main] INFO  testCases.TC_002_LoginTest - Clicked on MyAccount link on the homepage
16:05:01.559 [main] INFO  testCases.TC_002_LoginTest - Clicked on Login link under myaccount
16:05:01.564 [main] INFO  testCases.TC_002_LoginTest - Entering valid email and password...
16:05:02.794 [main] INFO  testCases.TC_002_LoginTest - Clicked on Login button...
16:05:02.928 [main] INFO  testCases.TC_002_LoginTest - Login test passed...
16:05:02.929 [main] INFO  testCases.TC_002_LoginTest - *****Finished the TC_002_LoginTest*****
16:05:06.575 [main] INFO  testCases.TC_004_SearchProductTest -  Starting TC_004_SearchProductTest 
16:05:07.358 [main] INFO  testCases.TC_004_SearchProductTest -  Finished TC_004_SearchProductTest 
16:05:10.988 [main] INFO  testCases.TC_005_AddToCartPageTest -  Starting TC_005_AddToCartPageTest 
16:05:13.148 [main] INFO  testCases.TC_005_AddToCartPageTest -  Finished TC_004_SearchProductTest 
16:25:04.795 [main] INFO  testCases.TC_001_AccountRegistrationTest - ***Starting TC_001_AccountRegistrationTest***
16:25:04.807 [main] DEBUG testCases.TC_001_AccountRegistrationTest - Application logs started.......
16:25:05.094 [main] INFO  testCases.TC_001_AccountRegistrationTest - Clicked on MyAccount link
16:25:05.619 [main] INFO  testCases.TC_001_AccountRegistrationTest - Clicked on Registeration link
16:25:05.620 [main] INFO  testCases.TC_001_AccountRegistrationTest - Entering Customer details
16:25:07.051 [main] INFO  testCases.TC_001_AccountRegistrationTest - Clicked on Continue
16:25:07.094 [main] INFO  testCases.TC_001_AccountRegistrationTest - Validating expected message.....
16:25:07.095 [main] INFO  testCases.TC_001_AccountRegistrationTest - Test Passed
16:25:07.100 [main] DEBUG testCases.TC_001_AccountRegistrationTest - Application logs ended.......
16:25:07.101 [main] INFO  testCases.TC_001_AccountRegistrationTest - ***Finished TC_001_AccountRegistrationTest***
16:25:09.971 [main] INFO  testCases.TC_002_LoginTest - *****Starting the TC_002_LoginTest*****
16:25:09.972 [main] DEBUG testCases.TC_002_LoginTest - Capturing application debug logs.....
16:25:10.420 [main] INFO  testCases.TC_002_LoginTest - Clicked on MyAccount link on the homepage
16:25:10.713 [main] INFO  testCases.TC_002_LoginTest - Clicked on Login link under myaccount
16:25:10.717 [main] INFO  testCases.TC_002_LoginTest - Entering valid email and password...
16:25:11.503 [main] INFO  testCases.TC_002_LoginTest - Clicked on Login button...
16:25:11.563 [main] INFO  testCases.TC_002_LoginTest - Login test passed...
16:25:11.564 [main] INFO  testCases.TC_002_LoginTest - *****Finished the TC_002_LoginTest*****
16:25:14.483 [main] INFO  testCases.TC_004_SearchProductTest -  Starting TC_004_SearchProductTest 
16:25:15.048 [main] INFO  testCases.TC_004_SearchProductTest -  Finished TC_004_SearchProductTest 
16:25:17.846 [main] INFO  testCases.TC_005_AddToCartPageTest -  Starting TC_005_AddToCartPageTest 
16:25:19.286 [main] INFO  testCases.TC_005_AddToCartPageTest -  Finished TC_004_SearchProductTest 
