14:20:53.489 [main] DEBUG testCases.TC_001_AccountRegistrationTest - Application logs started.......
14:20:53.870 [main] INFO  testCases.TC_001_AccountRegistrationTest - Clicked on MyAccount link
14:20:54.294 [main] INFO  testCases.TC_001_AccountRegistrationTest - Clicked on Registeration link
14:20:54.295 [main] INFO  testCases.TC_001_AccountRegistrationTest - Entering Customer details
14:20:55.739 [main] INFO  testCases.TC_001_AccountRegistrationTest - Clicked on Continue
14:20:55.813 [main] INFO  testCases.TC_001_AccountRegistrationTest - Validating expected message.....
14:20:55.813 [main] ERROR testCases.TC_001_AccountRegistrationTest - Test Failed
14:20:59.828 [main] INFO  testCases.TC_002_LoginTest - *****Starting the TC_002_LoginTest*****
14:20:59.828 [main] DEBUG testCases.TC_002_LoginTest - Capturing application debug logs.....
14:20:59.961 [main] INFO  testCases.TC_002_LoginTest - Clicked on MyAccount link on the homepage
14:21:00.301 [main] INFO  testCases.TC_002_LoginTest - Clicked on Login link under myaccount
14:21:00.309 [main] INFO  testCases.TC_002_LoginTest - Entering valid email and password...
14:21:00.971 [main] INFO  testCases.TC_002_LoginTest - Clicked on Login button...
14:21:01.067 [main] INFO  testCases.TC_002_LoginTest - Login test passed...
14:21:01.067 [main] INFO  testCases.TC_002_LoginTest - *****Finished the TC_002_LoginTest*****
14:26:36.676 [main] INFO  testCases.TC_001_AccountRegistrationTest - ***Starting TC_001_AccountRegistrationTest***
14:26:36.699 [main] DEBUG testCases.TC_001_AccountRegistrationTest - Application logs started.......
14:26:36.838 [main] INFO  testCases.TC_001_AccountRegistrationTest - Clicked on MyAccount link
14:26:37.419 [main] INFO  testCases.TC_001_AccountRegistrationTest - Clicked on Registeration link
14:26:37.419 [main] INFO  testCases.TC_001_AccountRegistrationTest - Entering Customer details
14:26:38.773 [main] INFO  testCases.TC_001_AccountRegistrationTest - Clicked on Continue
14:26:38.836 [main] INFO  testCases.TC_001_AccountRegistrationTest - Validating expected message.....
14:26:38.836 [main] INFO  testCases.TC_001_AccountRegistrationTest - Test Passed
14:26:38.841 [main] DEBUG testCases.TC_001_AccountRegistrationTest - Application logs ended.......
14:26:38.843 [main] INFO  testCases.TC_001_AccountRegistrationTest - ***Finished TC_001_AccountRegistrationTest***
14:29:20.769 [main] INFO  testCases.TC_001_AccountRegistrationTest - ***Starting TC_001_AccountRegistrationTest***
14:29:20.781 [main] DEBUG testCases.TC_001_AccountRegistrationTest - Application logs started.......
14:29:21.039 [main] INFO  testCases.TC_001_AccountRegistrationTest - Clicked on MyAccount link
14:29:21.582 [main] INFO  testCases.TC_001_AccountRegistrationTest - Clicked on Registeration link
14:29:21.583 [main] INFO  testCases.TC_001_AccountRegistrationTest - Entering Customer details
14:29:22.951 [main] INFO  testCases.TC_001_AccountRegistrationTest - Clicked on Continue
14:29:23.042 [main] INFO  testCases.TC_001_AccountRegistrationTest - Validating expected message.....
14:29:23.045 [main] INFO  testCases.TC_001_AccountRegistrationTest - Test Passed
14:29:23.051 [main] DEBUG testCases.TC_001_AccountRegistrationTest - Application logs ended.......
14:29:23.052 [main] INFO  testCases.TC_001_AccountRegistrationTest - ***Finished TC_001_AccountRegistrationTest***
21:12:15.568 [main] INFO  testCases.TC_001_AccountRegistrationTest - ***Starting TC_001_AccountRegistrationTest***
21:12:15.577 [main] DEBUG testCases.TC_001_AccountRegistrationTest - Application logs started.......
21:12:16.024 [main] INFO  testCases.TC_001_AccountRegistrationTest - Clicked on MyAccount link
21:12:16.501 [main] INFO  testCases.TC_001_AccountRegistrationTest - Clicked on Registeration link
21:12:16.502 [main] INFO  testCases.TC_001_AccountRegistrationTest - Entering Customer details
21:12:17.917 [main] INFO  testCases.TC_001_AccountRegistrationTest - Clicked on Continue
21:12:18.018 [main] INFO  testCases.TC_001_AccountRegistrationTest - Validating expected message.....
21:12:18.018 [main] INFO  testCases.TC_001_AccountRegistrationTest - Test Passed
21:12:18.022 [main] DEBUG testCases.TC_001_AccountRegistrationTest - Application logs ended.......
21:12:18.022 [main] INFO  testCases.TC_001_AccountRegistrationTest - ***Finished TC_001_AccountRegistrationTest***
21:12:20.865 [main] INFO  testCases.TC_002_LoginTest - *****Starting the TC_002_LoginTest*****
21:12:20.866 [main] DEBUG testCases.TC_002_LoginTest - Capturing application debug logs.....
21:12:21.305 [main] INFO  testCases.TC_002_LoginTest - Clicked on MyAccount link on the homepage
21:12:21.592 [main] INFO  testCases.TC_002_LoginTest - Clicked on Login link under myaccount
21:12:21.613 [main] INFO  testCases.TC_002_LoginTest - Entering valid email and password...
21:12:22.354 [main] INFO  testCases.TC_002_LoginTest - Clicked on Login button...
21:12:22.470 [main] INFO  testCases.TC_002_LoginTest - Login test passed...
